299 0
299.01 0
299.02 0
299.03 0
299.04 0
299.05 0
299.06 0
299.07 0
299.08 0
299.09 0
299.1 0
299.11 0
299.12 0
299.13 0
299.14 0
299.15 0
299.16 0
299.17 0
299.18 0
299.19 0
299.2 0
299.21 0
299.22 0
299.23 0
299.24 0
299.25 0
299.26 0
299.27 0
299.28 0
299.29 0
299.3 0
299.31 0
299.32 0
299.33 0
299.34 0
299.35 0
299.36 0
299.37 0
299.38 0
299.39 0
299.4 0
299.41 0
299.42 0
299.43 0
299.44 0
299.45 0
299.46 0
299.47 0
299.48 0
299.49 0
299.5 0
299.51 0
299.52 0
299.53 0
299.54 0
299.55 0
299.56 0
299.57 0
299.58 0
299.59 0
299.6 0
299.61 0
299.62 0
299.63 0
299.64 0
299.65 0
299.66 0
299.67 0
299.68 0
299.69 0
299.7 0
299.71 0
299.72 0
299.73 0
299.74 0
299.75 0
299.76 0
299.77 0
299.78 0
299.79 0
299.8 0
299.81 0
299.82 10.3915
299.83 10.3915
299.84 16.818
299.85 16.818
299.86 20.7706
299.87 20.7706
299.88 25.9646
299.89 25.9646
299.9 25.9646
299.91 25.9646
299.92 31.1242
299.93 31.1242
299.94 33.638
299.95 35.752
299.96 35.752
299.97 35.752
299.98 35.752
299.99 35.752
300 41.4414
300.01 42.5497
300.02 42.5497
300.03 42.5497
300.04 45.861
300.05 45.861
300.06 45.861
300.07 45.861
300.08 50.571
300.09 51.9831
300.1 51.9831
300.11 51.9831
300.12 51.9831
300.13 55.916
300.14 55.916
300.15 55.916
300.16 59.2588
300.17 59.2588
300.18 61.5894
300.19 61.9134
300.2 61.9134
300.21 61.9134
300.22 61.9134
300.23 65.9902
300.24 67.286
300.25 68.3133
300.26 68.3133
300.27 68.3133
300.28 72.0451
300.29 72.0451
300.3 72.0451
300.31 72.0451
300.32 76.2236
300.33 78.026
300.34 78.026
300.35 78.026
300.36 81.4999
300.37 82.0896
300.38 84.642
300.39 85.4502
300.4 86.4117
300.41 87.8568
300.42 87.8568
300.43 92.0363
300.44 94.8391
300.45 97.6863
300.46 102.397
300.47 158.85
300.48 158.85
300.49 158.85
300.5 158.85
300.51 158.85
300.52 158.85
300.53 158.85
300.54 158.85
300.55 158.85
300.56 158.85
300.57 158.85
300.58 158.85
300.59 158.554
300.6 158.554
300.61 157.93
300.62 157.93
300.63 156.118
300.64 156.118
300.65 156.118
300.66 156.118
300.67 156.118
300.68 156.118
300.69 156.118
300.7 156.118
300.71 154.783
300.72 154.783
300.73 154.782
300.74 154.782
300.75 154.782
300.76 154.374
300.77 153.278
300.78 153.278
300.79 153.278
300.8 153.278
300.81 152.905
300.82 152.905
300.83 151.272
300.84 151.272
300.85 151.272
300.86 151.272
300.87 151.272
300.88 148.996
300.89 148.996
300.9 148.996
300.91 148.996
300.92 148.996
300.93 148.996
300.94 148.996
300.95 148.996
300.96 148.343
300.97 148.343
300.98 146.113
300.99 146.113
301 146.113
